Autotesting Result = 203.0/285, the final cap hasn't been defined yet but will be around 80-90
Test 1-1
SUCCESS DONE
Test 1-2
SUCCESS DONE
Test 1-3
SUCCESS DONE
Test 2-1
SUCCESS DONE
Test 2-2
SUCCESS DONE
Test 2-3
SUCCESS DONE
Test 2-4
SUCCESS DONE
Test 2-5
SUCCESS DONE
Test 3-1
SUCCESS DONE
Test 3-2
SUCCESS DONE
Test 3-3
MercenaryTest > Testing bribing a mercenary ensures there is no battle FAILED java.util.NoSuchElementException: No value present at java.base/java.util.Optional.get(Optional.java:141) at dungeonmania.controllerTest.MercenaryTest.testMercenaryBribing(MercenaryTest.java:73) FAILURE DONE 1 test completed, 1 failed FAILURE: Build failed with an exception. 2511 Project Meeting Notes.pdf README.md assumptions.md build build.gradle design.pdf gradle gradlew gradlew.bat planning.pdf src What went wrong: Execution failed for task ':test'. > There were failing tests. See the report at: file:///Users/braedonwooding/project-automarking/w13b_avocado/build/reports/tests/test/index.html 2511 Project Meeting Notes.pdf README.md assumptions.md build build.gradle design.pdf gradle gradlew gradlew.bat planning.pdf src Try: Run with --stacktrace option to get the stack trace. Run with --info or --debug option to get more log output. Run with --scan to get full insights. 2511 Project Meeting Notes.pdf README.md assumptions.md build build.gradle design.pdf gradle gradlew gradlew.bat planning.pdf src Get more help at https://help.gradle.org BUILD FAILED in 5s
Test 3-4
MercenaryTest > Testing mercenaries spawn with armour FAILED java.util.ConcurrentModificationException at java.base/java.util.HashMap$HashIterator.nextNode(HashMap.java:1584) at java.base/java.util.HashMap$KeyIterator.next(HashMap.java:1607) at java.base/java.lang.Iterable.forEach(Iterable.java:74) at dungeonmania.movingEntity.Player.notifyObserversForBattle(Player.java:185) at dungeonmania.movingEntity.Player.battle(Player.java:122) at dungeonmania.World.tick(World.java:218) at dungeonmania.DungeonManiaController.tick(DungeonManiaController.java:223) at dungeonmania.controllerTest.Utils.tick(Utils.java:20) at dungeonmania.controllerTest.MercenaryTest.testMercenarySpawningWithArmour(MercenaryTest.java:107) FAILURE DONE 2 tests completed, 1 failed FAILURE: Build failed with an exception. 2511 Project Meeting Notes.pdf README.md assumptions.md build build.gradle design.pdf gradle gradlew gradlew.bat planning.pdf src What went wrong: Execution failed for task ':test'. > There were failing tests. See the report at: file:///Users/braedonwooding/project-automarking/w13b_avocado/build/reports/tests/test/index.html 2511 Project Meeting Notes.pdf README.md assumptions.md build build.gradle design.pdf gradle gradlew gradlew.bat planning.pdf src Try: Run with --stacktrace option to get the stack trace. Run with --info or --debug option to get more log output. Run with --scan to get full insights. 2511 Project Meeting Notes.pdf README.md assumptions.md build build.gradle design.pdf gradle gradlew gradlew.bat planning.pdf src Get more help at https://help.gradle.org BUILD FAILED in 5s
Test 4-1
SUCCESS DONE
Test 4-2
SUCCESS DONE
Test 4-3
SUCCESS DONE
Test 4-4
SUCCESS DONE
Test 5-1
SUCCESS DONE
Test 5-2
SUCCESS DONE
Test 6-1
SUCCESS DONE
Test 6-2
SUCCESS DONE
Test 6-3
SUCCESS DONE
Test 6-4
SUCCESS DONE
Test 6-5
SUCCESS DONE
Test 6-6
FAILED due to timeout...
Test 7-1
SUCCESS DONE
Test 7-2
SUCCESS DONE
Test 7-3
SUCCESS DONE
Test 7-4
SUCCESS DONE
Test 7-5
SUCCESS DONE
Test 7-6
SUCCESS DONE
Test 7-7
SUCCESS DONE
Test 7-8
SUCCESS DONE
Test 7-9
SUCCESS DONE
Test 8-1
SUCCESS DONE
Test 8-2
SUCCESS DONE
Test 8-3
SUCCESS DONE
Test 8-4
SUCCESS DONE
Test 9-1
SUCCESS DONE
Test 9-2
SUCCESS DONE
Test 9-3
SUCCESS DONE
Test 10-1
SUCCESS DONE
Test 10-2
SUCCESS DONE
Test 10-3
SUCCESS DONE
Test 10-4
SUCCESS DONE
Test 10-5
SUCCESS DONE
Test 10-6
SUCCESS DONE
Test 10-7
SUCCESS DONE
Test 10-8
SUCCESS DONE
Test 11-1
SUCCESS DONE
Test 11-2
SUCCESS DONE
Test 11-3
SUCCESS DONE
Test 12-1
SUCCESS DONE
Test 12-2
SUCCESS DONE
Test 12-3
SaveLoadTest > 12-3 Test saving and loading a map with enemies and collectables FAILED java.lang.NullPointerException: Cannot invoke "java.util.List.remove(Object)" because the return value of "java.util.Map.get(Object)" is null at dungeonmania.controllerTest.ControllerTestUtil.lambda$entityListEqual$2(ControllerTestUtil.java:31) at java.base/java.util.stream.MatchOps$1MatchSink.accept(MatchOps.java:90) at java.base/java.util.ArrayList$ArrayListSpliterator.tryAdvance(ArrayList.java:1602) at java.base/java.util.stream.ReferencePipeline.forEachWithCancel(ReferencePipeline.java:127) at java.base/java.util.stream.AbstractPipeline.copyIntoWithCancel(AbstractPipeline.java:502) at java.base/java.util.stream.AbstractPipeline.copyInto(AbstractPipeline.java:488) at java.base/java.util.stream.AbstractPipeline.wrapAndCopyInto(AbstractPipeline.java:474) at java.base/java.util.stream.MatchOps$MatchOp.evaluateSequential(MatchOps.java:230) at java.base/java.util.stream.MatchOps$MatchOp.evaluateSequential(MatchOps.java:196) at java.base/java.util.stream.AbstractPipeline.evaluate(AbstractPipeline.java:234) at java.base/java.util.stream.ReferencePipeline.allMatch(ReferencePipeline.java:533) at dungeonmania.controllerTest.ControllerTestUtil.entityListEqual(ControllerTestUtil.java:31) at dungeonmania.controllerTest.ControllerTestUtil.dungeonResponseEqual(ControllerTestUtil.java:52) at dungeonmania.controllerTest.SaveLoadTest.testAdvancedSave(SaveLoadTest.java:67) FAILURE DONE 1 test completed, 1 failed FAILURE: Build failed with an exception. 2511 Project Meeting Notes.pdf README.md assumptions.md build build.gradle design.pdf gradle gradlew gradlew.bat planning.pdf src What went wrong: Execution failed for task ':test'. > There were failing tests. See the report at: file:///Users/braedonwooding/project-automarking/w13b_avocado/build/reports/tests/test/index.html 2511 Project Meeting Notes.pdf README.md assumptions.md build build.gradle design.pdf gradle gradlew gradlew.bat planning.pdf src Try: Run with --stacktrace option to get the stack trace. Run with --info or --debug option to get more log output. Run with --scan to get full insights. 2511 Project Meeting Notes.pdf README.md assumptions.md build build.gradle design.pdf gradle gradlew gradlew.bat planning.pdf src Get more help at https://help.gradle.org BUILD FAILED in 5s
Test 12-4
SaveLoadTest > 12-4 Test saving on a map containing all types of entities FAILED java.lang.NullPointerException: Cannot invoke "java.util.List.remove(Object)" because the return value of "java.util.Map.get(Object)" is null at dungeonmania.controllerTest.ControllerTestUtil.lambda$entityListEqual$2(ControllerTestUtil.java:31) at java.base/java.util.stream.MatchOps$1MatchSink.accept(MatchOps.java:90) at java.base/java.util.ArrayList$ArrayListSpliterator.tryAdvance(ArrayList.java:1602) at java.base/java.util.stream.ReferencePipeline.forEachWithCancel(ReferencePipeline.java:127) at java.base/java.util.stream.AbstractPipeline.copyIntoWithCancel(AbstractPipeline.java:502) at java.base/java.util.stream.AbstractPipeline.copyInto(AbstractPipeline.java:488) at java.base/java.util.stream.AbstractPipeline.wrapAndCopyInto(AbstractPipeline.java:474) at java.base/java.util.stream.MatchOps$MatchOp.evaluateSequential(MatchOps.java:230) at java.base/java.util.stream.MatchOps$MatchOp.evaluateSequential(MatchOps.java:196) at java.base/java.util.stream.AbstractPipeline.evaluate(AbstractPipeline.java:234) at java.base/java.util.stream.ReferencePipeline.allMatch(ReferencePipeline.java:533) at dungeonmania.controllerTest.ControllerTestUtil.entityListEqual(ControllerTestUtil.java:31) at dungeonmania.controllerTest.ControllerTestUtil.dungeonResponseEqual(ControllerTestUtil.java:52) at dungeonmania.controllerTest.SaveLoadTest.testSaveAllEntities(SaveLoadTest.java:85) FAILURE DONE 1 test completed, 1 failed FAILURE: Build failed with an exception. 2511 Project Meeting Notes.pdf README.md assumptions.md build build.gradle design.pdf gradle gradlew gradlew.bat planning.pdf src What went wrong: Execution failed for task ':test'. > There were failing tests. See the report at: file:///Users/braedonwooding/project-automarking/w13b_avocado/build/reports/tests/test/index.html 2511 Project Meeting Notes.pdf README.md assumptions.md build build.gradle design.pdf gradle gradlew gradlew.bat planning.pdf src Try: Run with --stacktrace option to get the stack trace. Run with --info or --debug option to get more log output. Run with --scan to get full insights. 2511 Project Meeting Notes.pdf README.md assumptions.md build build.gradle design.pdf gradle gradlew gradlew.bat planning.pdf src Get more help at https://help.gradle.org BUILD FAILED in 5s
Test 13-1
SUCCESS DONE
Test 13-2
SUCCESS DONE
Test 13-3
SUCCESS DONE
Test 13-4
SUCCESS DONE
Test 13-5
SUCCESS DONE
Test 13-6
SUCCESS DONE
Test 13-7
SUCCESS DONE
Test 14-1
SUCCESS DONE
Test 14-2
SUCCESS DONE
Test 14-3
SUCCESS DONE
Test 14-4
SUCCESS DONE
Test 14-5
SUCCESS DONE
Test 14-6
InterfaceTest > TickInterfaceTest > 14-6 Testing tick with an item that is not in the player's inventory FAILED org.opentest4j.AssertionFailedError: Expected java.lang.Exception to be thrown, but nothing was thrown. at org.junit.jupiter.api.AssertThrows.assertThrows(AssertThrows.java:71) at org.junit.jupiter.api.AssertThrows.assertThrows(AssertThrows.java:37) at org.junit.jupiter.api.Assertions.assertThrows(Assertions.java:3082) at dungeonmania.controllerTest.InterfaceTest$TickInterfaceTest.testTickInterfaceItemNotInInventory(InterfaceTest.java:87) FAILURE DONE 1 test completed, 1 failed FAILURE: Build failed with an exception. 2511 Project Meeting Notes.pdf README.md assumptions.md build build.gradle design.pdf gradle gradlew gradlew.bat planning.pdf src What went wrong: Execution failed for task ':test'. > There were failing tests. See the report at: file:///Users/braedonwooding/project-automarking/w13b_avocado/build/reports/tests/test/index.html 2511 Project Meeting Notes.pdf README.md assumptions.md build build.gradle design.pdf gradle gradlew gradlew.bat planning.pdf src Try: Run with --stacktrace option to get the stack trace. Run with --info or --debug option to get more log output. Run with --scan to get full insights. 2511 Project Meeting Notes.pdf README.md assumptions.md build build.gradle design.pdf gradle gradlew gradlew.bat planning.pdf src Get more help at https://help.gradle.org BUILD FAILED in 5s
Test 15-1
SUCCESS DONE
Test 15-2
SUCCESS DONE
Test 15-3
SUCCESS DONE
Test 15-4
SUCCESS DONE
Test 15-5
SUCCESS DONE
Test 15-6
SUCCESS DONE
Test 15-7
SUCCESS DONE
Test 15-8
SUCCESS DONE
Test 15-9
SUCCESS DONE
Test 15-10
SUCCESS DONE
Test 15-11
SUCCESS DONE
Test 15-12
SUCCESS DONE
Test 15-13
SUCCESS DONE
Test 15-14
SUCCESS DONE
Test 15-15
SUCCESS DONE
Test 15-16
SUCCESS DONE
Test 16-1
SUCCESS DONE
Test 16-2
SUCCESS DONE
Test 16-3
BattleTest > 16-3 Test player battles mercenary and player or mercenary dies FAILED org.opentest4j.AssertionFailedError: expected: <true> but was: <false> at org.junit.jupiter.api.AssertionUtils.fail(AssertionUtils.java:55) at org.junit.jupiter.api.AssertTrue.assertTrue(AssertTrue.java:40) at org.junit.jupiter.api.AssertTrue.assertTrue(AssertTrue.java:35) at org.junit.jupiter.api.Assertions.assertTrue(Assertions.java:179) at dungeonmania.controllerTest.BattleTest.testPlayerOrMercenaryDiesWhenBattle(BattleTest.java:78) FAILURE DONE 1 test completed, 1 failed FAILURE: Build failed with an exception. 2511 Project Meeting Notes.pdf README.md assumptions.md build build.gradle design.pdf gradle gradlew gradlew.bat planning.pdf src What went wrong: Execution failed for task ':test'. > There were failing tests. See the report at: file:///Users/braedonwooding/project-automarking/w13b_avocado/build/reports/tests/test/index.html 2511 Project Meeting Notes.pdf README.md assumptions.md build build.gradle design.pdf gradle gradlew gradlew.bat planning.pdf src Try: Run with --stacktrace option to get the stack trace. Run with --info or --debug option to get more log output. Run with --scan to get full insights. 2511 Project Meeting Notes.pdf README.md assumptions.md build build.gradle design.pdf gradle gradlew gradlew.bat planning.pdf src Get more help at https://help.gradle.org BUILD FAILED in 4s
Test 16-4
SUCCESS DONE
Test 16-5
SUCCESS DONE
Test 16-6
BattleTest > 16-6 Test a player wins a battle against a mercenary with an invincibility potion FAILED org.opentest4j.AssertionFailedError: expected: <-1> but was: <0> at org.junit.jupiter.api.AssertionUtils.fail(AssertionUtils.java:55) at org.junit.jupiter.api.AssertionUtils.failNotEqual(AssertionUtils.java:62) at org.junit.jupiter.api.AssertEquals.assertEquals(AssertEquals.java:150) at org.junit.jupiter.api.AssertEquals.assertEquals(AssertEquals.java:145) at org.junit.jupiter.api.Assertions.assertEquals(Assertions.java:527) at dungeonmania.controllerTest.BattleTest.testPlayerWinsMercenaryBattleWithInvincibilityPotion(BattleTest.java:163) FAILURE DONE 1 test completed, 1 failed FAILURE: Build failed with an exception. 2511 Project Meeting Notes.pdf README.md assumptions.md build build.gradle design.pdf gradle gradlew gradlew.bat planning.pdf src What went wrong: Execution failed for task ':test'. > There were failing tests. See the report at: file:///Users/braedonwooding/project-automarking/w13b_avocado/build/reports/tests/test/index.html 2511 Project Meeting Notes.pdf README.md assumptions.md build build.gradle design.pdf gradle gradlew gradlew.bat planning.pdf src Try: Run with --stacktrace option to get the stack trace. Run with --info or --debug option to get more log output. Run with --scan to get full insights. 2511 Project Meeting Notes.pdf README.md assumptions.md build build.gradle design.pdf gradle gradlew gradlew.bat planning.pdf src Get more help at https://help.gradle.org BUILD FAILED in 4s
Test 16-7
SUCCESS DONE
Test 17-1
SUCCESS DONE
Test 17-2
SUCCESS DONE
Test 17-3
SUCCESS DONE
Test 17-4
SUCCESS DONE
Test 18-1
BossTest > 18-1 Testing bribing an assassin with the correct items ensures there is no battle FAILED java.util.NoSuchElementException: No value present at java.base/java.util.Optional.get(Optional.java:141) at dungeonmania.controllerTest.BossTest.testAssassinBribing(BossTest.java:23) FAILURE DONE 1 test completed, 1 failed FAILURE: Build failed with an exception. 2511 Project Meeting Notes.pdf README.md assumptions.md build build.gradle design.pdf gradle gradlew gradlew.bat planning.pdf src What went wrong: Execution failed for task ':test'. > There were failing tests. See the report at: file:///Users/braedonwooding/project-automarking/w13b_avocado/build/reports/tests/test/index.html 2511 Project Meeting Notes.pdf README.md assumptions.md build build.gradle design.pdf gradle gradlew gradlew.bat planning.pdf src Try: Run with --stacktrace option to get the stack trace. Run with --info or --debug option to get more log output. Run with --scan to get full insights. 2511 Project Meeting Notes.pdf README.md assumptions.md build build.gradle design.pdf gradle gradlew gradlew.bat planning.pdf src Get more help at https://help.gradle.org BUILD FAILED in 4s
Test 18-2
FAILED due to timeout...
Test 18-3
SUCCESS DONE
Test 19-1
SUCCESS DONE
Test 19-2
SUCCESS DONE
Test 19-3
SUCCESS DONE
Test 19-4
SUCCESS DONE
Test 20-1
SUCCESS DONE
Test 20-2
SUCCESS DONE
Test 23-1
SwampTileTest > 23-1 Testing mercenary gets stuck in swamp FAILED java.util.NoSuchElementException: No value present at java.base/java.util.Optional.get(Optional.java:141) at dungeonmania.controllerTest.SwampTileTest.testSwampSlowsMovement(SwampTileTest.java:22) FAILURE DONE 1 test completed, 1 failed FAILURE: Build failed with an exception. 2511 Project Meeting Notes.pdf README.md assumptions.md build build.gradle design.pdf gradle gradlew gradlew.bat planning.pdf src What went wrong: Execution failed for task ':test'. > There were failing tests. See the report at: file:///Users/braedonwooding/project-automarking/w13b_avocado/build/reports/tests/test/index.html 2511 Project Meeting Notes.pdf README.md assumptions.md build build.gradle design.pdf gradle gradlew gradlew.bat planning.pdf src Try: Run with --stacktrace option to get the stack trace. Run with --info or --debug option to get more log output. Run with --scan to get full insights. 2511 Project Meeting Notes.pdf README.md assumptions.md build build.gradle design.pdf gradle gradlew gradlew.bat planning.pdf src Get more help at https://help.gradle.org BUILD FAILED in 4s
Test 23-2
SwampTileTest > 23-2 Testing mercenaries can take double moves through swamps FAILED org.opentest4j.AssertionFailedError: expected: <Position [x=3, y=1, z=0]> but was: <Position [x=2, y=1, z=0]> at org.junit.jupiter.api.AssertionUtils.fail(AssertionUtils.java:55) at org.junit.jupiter.api.AssertionUtils.failNotEqual(AssertionUtils.java:62) at org.junit.jupiter.api.AssertEquals.assertEquals(AssertEquals.java:182) at org.junit.jupiter.api.AssertEquals.assertEquals(AssertEquals.java:177) at org.junit.jupiter.api.Assertions.assertEquals(Assertions.java:1141) at dungeonmania.controllerTest.SwampTileTest.testSwampSlowsMovementMercDoubleMove(SwampTileTest.java:52) FAILURE DONE 1 test completed, 1 failed FAILURE: Build failed with an exception. 2511 Project Meeting Notes.pdf README.md assumptions.md build build.gradle design.pdf gradle gradlew gradlew.bat planning.pdf src What went wrong: Execution failed for task ':test'. > There were failing tests. See the report at: file:///Users/braedonwooding/project-automarking/w13b_avocado/build/reports/tests/test/index.html 2511 Project Meeting Notes.pdf README.md assumptions.md build build.gradle design.pdf gradle gradlew gradlew.bat planning.pdf src Try: Run with --stacktrace option to get the stack trace. Run with --info or --debug option to get more log output. Run with --scan to get full insights. 2511 Project Meeting Notes.pdf README.md assumptions.md build build.gradle design.pdf gradle gradlew gradlew.bat planning.pdf src Get more help at https://help.gradle.org BUILD FAILED in 5s
Test 23-3
SUCCESS DONE
Test 21-1
SUCCESS DONE
Test 21-2
SUCCESS DONE
Test 22-1
TimeTravelTest > 22-1 Testing rewinding fails without a time turner FAILED org.opentest4j.AssertionFailedError: Unexpected exception type thrown ==> expected: <java.lang.IllegalArgumentException> but was: <java.lang.RuntimeException> at org.junit.jupiter.api.AssertThrows.assertThrows(AssertThrows.java:65) at org.junit.jupiter.api.AssertThrows.assertThrows(AssertThrows.java:37) at org.junit.jupiter.api.Assertions.assertThrows(Assertions.java:3082) at dungeonmania.controllerTest.TimeTravelTest.testRewindMethod(TimeTravelTest.java:40) Caused by: java.lang.RuntimeException: rewind(int) doesn't exist at dungeonmania.controllerTest.TimeTravelTest.lambda$testRewindMethod$0(TimeTravelTest.java:45) at org.junit.jupiter.api.AssertThrows.assertThrows(AssertThrows.java:55) ... 3 more FAILURE DONE 1 test completed, 1 failed FAILURE: Build failed with an exception. 2511 Project Meeting Notes.pdf README.md assumptions.md build build.gradle design.pdf gradle gradlew gradlew.bat planning.pdf src What went wrong: Execution failed for task ':test'. > There were failing tests. See the report at: file:///Users/braedonwooding/project-automarking/w13b_avocado/build/reports/tests/test/index.html 2511 Project Meeting Notes.pdf README.md assumptions.md build build.gradle design.pdf gradle gradlew gradlew.bat planning.pdf src Try: Run with --stacktrace option to get the stack trace. Run with --info or --debug option to get more log output. Run with --scan to get full insights. 2511 Project Meeting Notes.pdf README.md assumptions.md build build.gradle design.pdf gradle gradlew gradlew.bat planning.pdf src Get more help at https://help.gradle.org BUILD FAILED in 4s
Test 22-2
TimeTravelTest > 22-2 Test picking up a time turner adds to inventory FAILED org.opentest4j.AssertionFailedError: expected: <1> but was: <0> at org.junit.jupiter.api.AssertionUtils.fail(AssertionUtils.java:55) at org.junit.jupiter.api.AssertionUtils.failNotEqual(AssertionUtils.java:62) at org.junit.jupiter.api.AssertEquals.assertEquals(AssertEquals.java:150) at org.junit.jupiter.api.AssertEquals.assertEquals(AssertEquals.java:145) at org.junit.jupiter.api.Assertions.assertEquals(Assertions.java:527) at dungeonmania.controllerTest.TimeTravelTest.testPickUpTimeTurner(TimeTravelTest.java:62) FAILURE DONE 1 test completed, 1 failed FAILURE: Build failed with an exception. 2511 Project Meeting Notes.pdf README.md assumptions.md build build.gradle design.pdf gradle gradlew gradlew.bat planning.pdf src What went wrong: Execution failed for task ':test'. > There were failing tests. See the report at: file:///Users/braedonwooding/project-automarking/w13b_avocado/build/reports/tests/test/index.html 2511 Project Meeting Notes.pdf README.md assumptions.md build build.gradle design.pdf gradle gradlew gradlew.bat planning.pdf src Try: Run with --stacktrace option to get the stack trace. Run with --info or --debug option to get more log output. Run with --scan to get full insights. 2511 Project Meeting Notes.pdf README.md assumptions.md build build.gradle design.pdf gradle gradlew gradlew.bat planning.pdf src Get more help at https://help.gradle.org BUILD FAILED in 5s
Test 22-3
TimeTravelTest > 22-3 Test using a time turner, 1 tick back FAILED java.lang.RuntimeException: rewind(int) doesn't exist at dungeonmania.controllerTest.TimeTravelTest.testUseTimeTurnerOneTick(TimeTravelTest.java:97) FAILURE DONE 1 test completed, 1 failed FAILURE: Build failed with an exception. 2511 Project Meeting Notes.pdf README.md assumptions.md build build.gradle design.pdf gradle gradlew gradlew.bat planning.pdf src What went wrong: Execution failed for task ':test'. > There were failing tests. See the report at: file:///Users/braedonwooding/project-automarking/w13b_avocado/build/reports/tests/test/index.html 2511 Project Meeting Notes.pdf README.md assumptions.md build build.gradle design.pdf gradle gradlew gradlew.bat planning.pdf src Try: Run with --stacktrace option to get the stack trace. Run with --info or --debug option to get more log output. Run with --scan to get full insights. 2511 Project Meeting Notes.pdf README.md assumptions.md build build.gradle design.pdf gradle gradlew gradlew.bat planning.pdf src Get more help at https://help.gradle.org BUILD FAILED in 5s
Test 22-4
TimeTravelTest > 22-4 Test using a time turner, 5 ticks back FAILED java.lang.RuntimeException: rewind(int) doesn't exist at dungeonmania.controllerTest.TimeTravelTest.testUseTimeTurnerFiveTicks(TimeTravelTest.java:139) FAILURE DONE 1 test completed, 1 failed FAILURE: Build failed with an exception. 2511 Project Meeting Notes.pdf README.md assumptions.md build build.gradle design.pdf gradle gradlew gradlew.bat planning.pdf src What went wrong: Execution failed for task ':test'. > There were failing tests. See the report at: file:///Users/braedonwooding/project-automarking/w13b_avocado/build/reports/tests/test/index.html 2511 Project Meeting Notes.pdf README.md assumptions.md build build.gradle design.pdf gradle gradlew gradlew.bat planning.pdf src Try: Run with --stacktrace option to get the stack trace. Run with --info or --debug option to get more log output. Run with --scan to get full insights. 2511 Project Meeting Notes.pdf README.md assumptions.md build build.gradle design.pdf gradle gradlew gradlew.bat planning.pdf src Get more help at https://help.gradle.org BUILD FAILED in 5s
Test 22-5
TimeTravelTest > 22-5 Test time travel portals FAILED org.opentest4j.AssertionFailedError: expected: <2> but was: <0> at org.junit.jupiter.api.AssertionUtils.fail(AssertionUtils.java:55) at org.junit.jupiter.api.AssertionUtils.failNotEqual(AssertionUtils.java:62) at org.junit.jupiter.api.AssertEquals.assertEquals(AssertEquals.java:150) at org.junit.jupiter.api.AssertEquals.assertEquals(AssertEquals.java:145) at org.junit.jupiter.api.Assertions.assertEquals(Assertions.java:527) at dungeonmania.controllerTest.TimeTravelTest.testTimeTravellingPortal(TimeTravelTest.java:161) FAILURE DONE 1 test completed, 1 failed FAILURE: Build failed with an exception. 2511 Project Meeting Notes.pdf README.md assumptions.md build build.gradle design.pdf gradle gradlew gradlew.bat planning.pdf src What went wrong: Execution failed for task ':test'. > There were failing tests. See the report at: file:///Users/braedonwooding/project-automarking/w13b_avocado/build/reports/tests/test/index.html 2511 Project Meeting Notes.pdf README.md assumptions.md build build.gradle design.pdf gradle gradlew gradlew.bat planning.pdf src Try: Run with --stacktrace option to get the stack trace. Run with --info or --debug option to get more log output. Run with --scan to get full insights. 2511 Project Meeting Notes.pdf README.md assumptions.md build build.gradle design.pdf gradle gradlew gradlew.bat planning.pdf src Get more help at https://help.gradle.org BUILD FAILED in 4s
Test 22-6
SUCCESS DONE
Test 22-7
TimeTravelTest > 22-7 Test older self is present when time travelling through portal FAILED org.opentest4j.AssertionFailedError: expected: <1> but was: <0> at org.junit.jupiter.api.AssertionUtils.fail(AssertionUtils.java:55) at org.junit.jupiter.api.AssertionUtils.failNotEqual(AssertionUtils.java:62) at org.junit.jupiter.api.AssertEquals.assertEquals(AssertEquals.java:150) at org.junit.jupiter.api.AssertEquals.assertEquals(AssertEquals.java:145) at org.junit.jupiter.api.Assertions.assertEquals(Assertions.java:527) at dungeonmania.controllerTest.TimeTravelTest.testOlderSelfTimeTravellingPortal(TimeTravelTest.java:235) FAILURE DONE 1 test completed, 1 failed FAILURE: Build failed with an exception. 2511 Project Meeting Notes.pdf README.md assumptions.md build build.gradle design.pdf gradle gradlew gradlew.bat planning.pdf src What went wrong: Execution failed for task ':test'. > There were failing tests. See the report at: file:///Users/braedonwooding/project-automarking/w13b_avocado/build/reports/tests/test/index.html 2511 Project Meeting Notes.pdf README.md assumptions.md build build.gradle design.pdf gradle gradlew gradlew.bat planning.pdf src Try: Run with --stacktrace option to get the stack trace. Run with --info or --debug option to get more log output. Run with --scan to get full insights. 2511 Project Meeting Notes.pdf README.md assumptions.md build build.gradle design.pdf gradle gradlew gradlew.bat planning.pdf src Get more help at https://help.gradle.org BUILD FAILED in 5s
Test 24-1
SUCCESS DONE
Test 24-2
SUCCESS DONE
Test 24-3
LogicGatesTest > 24-3 Test activating a wire and exploding a bomb FAILED org.opentest4j.AssertionFailedError: expected: <0> but was: <1> at org.junit.jupiter.api.AssertionUtils.fail(AssertionUtils.java:55) at org.junit.jupiter.api.AssertionUtils.failNotEqual(AssertionUtils.java:62) at org.junit.jupiter.api.AssertEquals.assertEquals(AssertEquals.java:150) at org.junit.jupiter.api.AssertEquals.assertEquals(AssertEquals.java:145) at org.junit.jupiter.api.Assertions.assertEquals(Assertions.java:527) at dungeonmania.controllerTest.LogicGatesTest.ActivateWireAndExplodeBomb(LogicGatesTest.java:96) FAILURE DONE 1 test completed, 1 failed FAILURE: Build failed with an exception. 2511 Project Meeting Notes.pdf README.md assumptions.md build build.gradle design.pdf gradle gradlew gradlew.bat planning.pdf src What went wrong: Execution failed for task ':test'. > There were failing tests. See the report at: file:///Users/braedonwooding/project-automarking/w13b_avocado/build/reports/tests/test/index.html 2511 Project Meeting Notes.pdf README.md assumptions.md build build.gradle design.pdf gradle gradlew gradlew.bat planning.pdf src Try: Run with --stacktrace option to get the stack trace. Run with --info or --debug option to get more log output. Run with --scan to get full insights. 2511 Project Meeting Notes.pdf README.md assumptions.md build build.gradle design.pdf gradle gradlew gradlew.bat planning.pdf src Get more help at https://help.gradle.org BUILD FAILED in 4s
Test 24-4
SUCCESS DONE
Test 24-5
SUCCESS DONE
Test 24-6
SUCCESS DONE
